Using pre-set license
Built from '2020.3/staging' branch; Version is '2020.3.22f1 (e1a7f79fd887) revision 14788599'; Using compiler version '192528614'; Build Type 'Release'
OS: 'Windows 10 Pro; OS build 19043.1889; Version 2009; 64bit' Language: 'en' Physical Memory: 32683 MB
BatchMode: 1, IsHumanControllingUs: 0, StartBugReporterOnCrash: 0, Is64bit: 1, IsPro: 0

COMMAND LINE ARGUMENTS:
C:\Users\Phelixx\Documents\Visual Studio 2019\2020.3.22f1\Editor\Unity.exe
-adb2
-batchMode
-noUpm
-name
AssetImportWorker0
-projectPath
C:/Users/Phelixx/Desktop/Folder Games (By Me)/Bug-Game-Jam/Bug Game Jam
-logFile
Logs/AssetImportWorker0.log
-srvPort
51056
Successfully changed project path to: C:/Users/Phelixx/Desktop/Folder Games (By Me)/Bug-Game-Jam/Bug Game Jam
C:/Users/Phelixx/Desktop/Folder Games (By Me)/Bug-Game-Jam/Bug Game Jam
Using Asset Import Pipeline V2.
Refreshing native plugins compatible for Editor in 59.25 ms, found 2 plugins.
Preloading 0 native plugins for Editor in 0.00 ms.
Initialize engine version: 2020.3.22f1 (e1a7f79fd887)
[Subsystems] Discovering subsystems at path C:/Users/Phelixx/Documents/Visual Studio 2019/2020.3.22f1/Editor/Data/Resources/UnitySubsystems
[Subsystems] Discovering subsystems at path C:/Users/Phelixx/Desktop/Folder Games (By Me)/Bug-Game-Jam/Bug Game Jam/Assets
GfxDevice: creating device client; threaded=0
Direct3D:
    Version:  Direct3D 11.0 [level 11.1]
    Renderer: NVIDIA GeForce RTX 2060 SUPER (ID=0x1f06)
    Vendor:   
    VRAM:     8031 MB
    Driver:   30.0.15.1215
Initialize mono
Mono path[0] = 'C:/Users/Phelixx/Documents/Visual Studio 2019/2020.3.22f1/Editor/Data/Managed'
Mono path[1] = 'C:/Users/Phelixx/Documents/Visual Studio 2019/2020.3.22f1/Editor/Data/MonoBleedingEdge/lib/mono/unityjit'
Mono config path = 'C:/Users/Phelixx/Documents/Visual Studio 2019/2020.3.22f1/Editor/Data/MonoBleedingEdge/etc'
Using monoOptions --debugger-agent=transport=dt_socket,embedding=1,server=y,suspend=n,address=127.0.0.1:56052
Begin MonoManager ReloadAssembly
Registering precompiled unity dll's ...
Register platform support module: C:/Users/Phelixx/Documents/Visual Studio 2019/2020.3.22f1/Editor/Data/PlaybackEngines/WindowsStandaloneSupport/UnityEditor.WindowsStandalone.Extensions.dll
Registered in 0.001788 seconds.
Native extension for WindowsStandalone target not found
Refreshing native plugins compatible for Editor in 50.72 ms, found 2 plugins.
Preloading 0 native plugins for Editor in 0.00 ms.
Mono: successfully reloaded assembly
- Completed reload, in  1.178 seconds
Domain Reload Profiling:
	ReloadAssembly (1178ms)
		BeginReloadAssembly (51ms)
			ExecutionOrderSort (0ms)
			DisableScriptedObjects (0ms)
			BackupInstance (0ms)
			ReleaseScriptingObjects (0ms)
			CreateAndSetChildDomain (1ms)
		EndReloadAssembly (441ms)
			LoadAssemblies (49ms)
			RebuildTransferFunctionScriptingTraits (0ms)
			SetupTypeCache (136ms)
			ReleaseScriptCaches (0ms)
			RebuildScriptCaches (36ms)
			SetupLoadedEditorAssemblies (176ms)
				LogAssemblyErrors (0ms)
				InitializePlatformSupportModulesInManaged (4ms)
				SetLoadedEditorAssemblies (0ms)
				RefreshPlugins (51ms)
				BeforeProcessingInitializeOnLoad (14ms)
				ProcessInitializeOnLoadAttributes (82ms)
				ProcessInitializeOnLoadMethodAttributes (25ms)
				AfterProcessingInitializeOnLoad (0ms)
				EditorAssembliesLoaded (0ms)
			ExecutionOrderSort2 (0ms)
			AwakeInstancesAfterBackupRestoration (0ms)
Platform modules already initialized, skipping
Registering precompiled user dll's ...
Registered in 0.005303 seconds.
Begin MonoManager ReloadAssembly
Native extension for WindowsStandalone target not found
Refreshing native plugins compatible for Editor in 0.74 ms, found 2 plugins.
Preloading 0 native plugins for Editor in 0.00 ms.
Mono: successfully reloaded assembly
- Completed reload, in  1.111 seconds
Domain Reload Profiling:
	ReloadAssembly (1112ms)
		BeginReloadAssembly (137ms)
			ExecutionOrderSort (0ms)
			DisableScriptedObjects (4ms)
			BackupInstance (0ms)
			ReleaseScriptingObjects (0ms)
			CreateAndSetChildDomain (20ms)
		EndReloadAssembly (911ms)
			LoadAssemblies (88ms)
			RebuildTransferFunctionScriptingTraits (0ms)
			SetupTypeCache (267ms)
			ReleaseScriptCaches (1ms)
			RebuildScriptCaches (56ms)
			SetupLoadedEditorAssemblies (405ms)
				LogAssemblyErrors (0ms)
				InitializePlatformSupportModulesInManaged (5ms)
				SetLoadedEditorAssemblies (0ms)
				RefreshPlugins (1ms)
				BeforeProcessingInitializeOnLoad (114ms)
				ProcessInitializeOnLoadAttributes (231ms)
				ProcessInitializeOnLoadMethodAttributes (49ms)
				AfterProcessingInitializeOnLoad (6ms)
				EditorAssembliesLoaded (0ms)
			ExecutionOrderSort2 (0ms)
			AwakeInstancesAfterBackupRestoration (6ms)
Platform modules already initialized, skipping
========================================================================
Worker process is ready to serve import requests
Launched and connected shader compiler UnityShaderCompiler.exe after 0.04 seconds
Refreshing native plugins compatible for Editor in 0.71 ms, found 2 plugins.
Preloading 0 native plugins for Editor in 0.00 ms.
Unloading 2148 Unused Serialized files (Serialized files now loaded: 0)
System memory in use before: 87.0 MB.
System memory in use after: 87.1 MB.

Unloading 58 unused Assets to reduce memory usage. Loaded Objects now: 2552.
Total: 6.965700 ms (FindLiveObjects: 0.212300 ms CreateObjectMapping: 0.046100 ms MarkObjects: 6.595600 ms  DeleteObjects: 0.109700 ms)

AssetImportParameters requested are different than current active one (requested -> active):
  custom:framework-win-MediaFoundation: 216162199b28c13a410421893ffa2e32 -> 
  custom:video-decoder-ogg-theora: a1e56fd34408186e4bbccfd4996cb3dc -> 
  custom:container-muxer-webm: aa71ff27fc2769a1b78a27578f13a17b -> 
  custom:container-demuxer-webm: 4f35f7cbe854078d1ac9338744f61a02 -> 
  custom:container-demuxer-ogg: 62fdf1f143b41e24485cea50d1cbac27 -> 
  custom:video-encoder-webm-vp8: eb34c28f22e8b96e1ab97ce403110664 -> 
  custom:video-decoder-webm-vp8: 9c59270c3fd7afecdb556c50c9e8de78 -> 
  custom:audio-decoder-ogg-vorbis: bf7c407c2cedff20999df2af8eb42d56 -> 
  custom:audio-encoder-webm-vorbis: bf7c407c2cedff20999df2af8eb42d56 -> 
========================================================================
Received Import Request.
  path: Assets/Prefabs/Ammo Packs/pixil-frame-0.png
  artifactKey: Guid(3466d57f72e77c844944dab3c41110d1) Importer(815301076,1909f56bfc062723c751e8b465ee728b)
Start importing Assets/Prefabs/Ammo Packs/pixil-frame-0.png using Guid(3466d57f72e77c844944dab3c41110d1) Importer(815301076,1909f56bfc062723c751e8b465ee728b)  -> (artifact id: '2a36eafcf8d2aef18ae0d808826b291e') in 0.126805 seconds 
  Import took 0.129965 seconds .

========================================================================
Received Import Request.
  Time since last request: 14.217558 seconds.
  path: Assets/Tile Map.png
  artifactKey: Guid(5ab23d13f56470944a6d3435b1add7f1) Importer(815301076,1909f56bfc062723c751e8b465ee728b)
Start importing Assets/Tile Map.png using Guid(5ab23d13f56470944a6d3435b1add7f1) Importer(815301076,1909f56bfc062723c751e8b465ee728b)  -> (artifact id: 'e59981b3501e5b5371f1fc4bab4efb27') in 0.017037 seconds 
  Import took 0.021550 seconds .

========================================================================
Received Import Request.
  Time since last request: 3.944726 seconds.
  path: Assets/Tilemap
  artifactKey: Guid(42db2af66e2b2f54495c1094ebfc35b3) Importer(815301076,1909f56bfc062723c751e8b465ee728b)
Start importing Assets/Tilemap using Guid(42db2af66e2b2f54495c1094ebfc35b3) Importer(815301076,1909f56bfc062723c751e8b465ee728b)  -> (artifact id: 'a42e4a6a01aba8a96ee7e67cca65a97f') in 0.008471 seconds 
  Import took 0.016608 seconds .

========================================================================
Received Import Request.
  Time since last request: 76.099667 seconds.
  path: Assets/Tilemap/Tile Map.png
  artifactKey: Guid(5ab23d13f56470944a6d3435b1add7f1) Importer(815301076,1909f56bfc062723c751e8b465ee728b)
Start importing Assets/Tilemap/Tile Map.png using Guid(5ab23d13f56470944a6d3435b1add7f1) Importer(815301076,1909f56bfc062723c751e8b465ee728b)  -> (artifact id: '160592c7314b6a6858a1154a7eae7853') in 0.010661 seconds 
  Import took 0.015229 seconds .

========================================================================
Received Import Request.
  Time since last request: 29.731817 seconds.
  path: Assets/Tilemap/Tile Map.png
  artifactKey: Guid(5ab23d13f56470944a6d3435b1add7f1) Importer(815301076,1909f56bfc062723c751e8b465ee728b)
Start importing Assets/Tilemap/Tile Map.png using Guid(5ab23d13f56470944a6d3435b1add7f1) Importer(815301076,1909f56bfc062723c751e8b465ee728b)  -> (artifact id: '40b5ab4ab6828f5efff884e5a457ad62') in 0.011008 seconds 
  Import took 0.014191 seconds .

========================================================================
Received Import Request.
  Time since last request: 907.246538 seconds.
  path: Assets/Tile Map Slice.png
  artifactKey: Guid(22ec5c475f81fea41a7c10fdf36e395a) Importer(815301076,1909f56bfc062723c751e8b465ee728b)
Start importing Assets/Tile Map Slice.png using Guid(22ec5c475f81fea41a7c10fdf36e395a) Importer(815301076,1909f56bfc062723c751e8b465ee728b)  -> (artifact id: 'b4e4b378b475bb2638d7ebbc933b5e4b') in 0.015322 seconds 
  Import took 0.018967 seconds .

========================================================================
Received Import Request.
  Time since last request: 24.886225 seconds.
  path: Assets/Tile Map Slice.png
  artifactKey: Guid(22ec5c475f81fea41a7c10fdf36e395a) Importer(815301076,1909f56bfc062723c751e8b465ee728b)
Start importing Assets/Tile Map Slice.png using Guid(22ec5c475f81fea41a7c10fdf36e395a) Importer(815301076,1909f56bfc062723c751e8b465ee728b)  -> (artifact id: '6a5294c2c493cd7f298129e499df1835') in 0.009566 seconds 
  Import took 0.012718 seconds .

========================================================================
Received Import Request.
  Time since last request: 60.916751 seconds.
  path: Assets/Tile Map Slice.png
  artifactKey: Guid(22ec5c475f81fea41a7c10fdf36e395a) Importer(815301076,1909f56bfc062723c751e8b465ee728b)
Start importing Assets/Tile Map Slice.png using Guid(22ec5c475f81fea41a7c10fdf36e395a) Importer(815301076,1909f56bfc062723c751e8b465ee728b)  -> (artifact id: 'fde2a359ab0d43a3c32338b90a2cd1f5') in 0.105710 seconds 
  Import took 0.109078 seconds .

========================================================================
Received Import Request.
  Time since last request: 10.051117 seconds.
  path: Assets/Tile Map Slice.png
  artifactKey: Guid(22ec5c475f81fea41a7c10fdf36e395a) Importer(815301076,1909f56bfc062723c751e8b465ee728b)
Start importing Assets/Tile Map Slice.png using Guid(22ec5c475f81fea41a7c10fdf36e395a) Importer(815301076,1909f56bfc062723c751e8b465ee728b)  -> (artifact id: 'd6c1a2ae1c0fb3c1dbdc19b063de2c66') in 0.098561 seconds 
  Import took 0.102417 seconds .

========================================================================
Received Import Request.
  Time since last request: 217.097650 seconds.
  path: Assets/Palettes/New Tiles.prefab
  artifactKey: Guid(c6d39af8430d0cc4882595e8b45f8fb8) Importer(815301076,1909f56bfc062723c751e8b465ee728b)
Start importing Assets/Palettes/New Tiles.prefab using Guid(c6d39af8430d0cc4882595e8b45f8fb8) Importer(815301076,1909f56bfc062723c751e8b465ee728b)  -> (artifact id: '8dc676b7e5342dd3bc6bc337565022fd') in 0.040683 seconds 
  Import took 0.044629 seconds .

========================================================================
Received Import Request.
  Time since last request: 28.829426 seconds.
  path: Assets/Tilemap/Tileset.png
  artifactKey: Guid(f325fdf8664b56943bd85aa2c29fde3c) Importer(815301076,1909f56bfc062723c751e8b465ee728b)
Start importing Assets/Tilemap/Tileset.png using Guid(f325fdf8664b56943bd85aa2c29fde3c) Importer(815301076,1909f56bfc062723c751e8b465ee728b)  -> (artifact id: '63b1c16f7c51a6ce2bf6fef32ced020b') in 0.293602 seconds 
  Import took 0.298262 seconds .

========================================================================
Received Import Request.
  Time since last request: 11.305119 seconds.
  path: Packages/com.unity.2d.tilemap
  artifactKey: Guid(4e00cf00a7281e0d7ee16a9f76f3c3bb) Importer(815301076,1909f56bfc062723c751e8b465ee728b)
Start importing Packages/com.unity.2d.tilemap using Guid(4e00cf00a7281e0d7ee16a9f76f3c3bb) Importer(815301076,1909f56bfc062723c751e8b465ee728b)  -> (artifact id: 'dd4db2989a23261ac4400a439f7f11f4') in 0.006255 seconds 
  Import took 0.010087 seconds .

========================================================================
Received Import Request.
  Time since last request: 0.049311 seconds.
  path: Packages/com.unity.2d.tilemap/package.json
  artifactKey: Guid(51797d68d3132bb419217a229e09fc47) Importer(815301076,1909f56bfc062723c751e8b465ee728b)
Start importing Packages/com.unity.2d.tilemap/package.json using Guid(51797d68d3132bb419217a229e09fc47) Importer(815301076,1909f56bfc062723c751e8b465ee728b)  -> (artifact id: '22520fb1654722663eb25abdaed23609') in 0.030254 seconds 
  Import took 0.033828 seconds .

========================================================================
Received Import Request.
  Time since last request: 1.018012 seconds.
  path: Packages/com.unity.2d.tilemap/Editor
  artifactKey: Guid(6b38a6882b80b1c4dbcca4bc844d7b9c) Importer(815301076,1909f56bfc062723c751e8b465ee728b)
Start importing Packages/com.unity.2d.tilemap/Editor using Guid(6b38a6882b80b1c4dbcca4bc844d7b9c) Importer(815301076,1909f56bfc062723c751e8b465ee728b)  -> (artifact id: '1a86a957c7553844e34b7aa40e2bc819') in 0.005971 seconds 
  Import took 0.009405 seconds .

========================================================================
Received Import Request.
  Time since last request: 0.613048 seconds.
  path: Packages/com.unity.2d.tilemap/Editor/ObjectCreationMenu
  artifactKey: Guid(b294a6b01c40240e1b1677cd56223441) Importer(815301076,1909f56bfc062723c751e8b465ee728b)
Start importing Packages/com.unity.2d.tilemap/Editor/ObjectCreationMenu using Guid(b294a6b01c40240e1b1677cd56223441) Importer(815301076,1909f56bfc062723c751e8b465ee728b)  -> (artifact id: 'af7db05416d9a02fbd6a24e777fd5997') in 0.005588 seconds 
  Import took 0.008768 seconds .

========================================================================
Received Import Request.
  Time since last request: 0.718272 seconds.
  path: Packages/com.unity.2d.tilemap/Editor/ObjectCreationMenu/DefaultAssetCreation.cs
  artifactKey: Guid(1407207e0ba5c48f3a24bdbea0fa84b5) Importer(815301076,1909f56bfc062723c751e8b465ee728b)
Start importing Packages/com.unity.2d.tilemap/Editor/ObjectCreationMenu/DefaultAssetCreation.cs using Guid(1407207e0ba5c48f3a24bdbea0fa84b5) Importer(815301076,1909f56bfc062723c751e8b465ee728b)  -> (artifact id: '1347f9bfb1a52ab08897591a0dec6b98') in 0.014896 seconds 
  Import took 0.018040 seconds .

========================================================================
Received Import Request.
  Time since last request: 77.611367 seconds.
  path: Assets/Palettes/New Tiles.prefab
  artifactKey: Guid(c6d39af8430d0cc4882595e8b45f8fb8) Importer(815301076,1909f56bfc062723c751e8b465ee728b)
Start importing Assets/Palettes/New Tiles.prefab using Guid(c6d39af8430d0cc4882595e8b45f8fb8) Importer(815301076,1909f56bfc062723c751e8b465ee728b)  -> (artifact id: '1a246c94b2395c372bf076e84329fb56') in 0.032500 seconds 
  Import took 0.036132 seconds .

========================================================================
Received Import Request.
  Time since last request: 49.498818 seconds.
  path: Assets/Palettes/New Tiles.prefab
  artifactKey: Guid(c6d39af8430d0cc4882595e8b45f8fb8) Importer(815301076,1909f56bfc062723c751e8b465ee728b)
Start importing Assets/Palettes/New Tiles.prefab using Guid(c6d39af8430d0cc4882595e8b45f8fb8) Importer(815301076,1909f56bfc062723c751e8b465ee728b)  -> (artifact id: 'c0e5ee2b35de63ccbbf76e4c331fd3a4') in 0.025799 seconds 
  Import took 0.030276 seconds .

========================================================================
Received Import Request.
  Time since last request: 2.367709 seconds.
  path: Assets/Palettes/Tiles/Newest Tiles
  artifactKey: Guid(00c69f412b530564fb2260cd5d5d9b35) Importer(815301076,1909f56bfc062723c751e8b465ee728b)
Start importing Assets/Palettes/Tiles/Newest Tiles using Guid(00c69f412b530564fb2260cd5d5d9b35) Importer(815301076,1909f56bfc062723c751e8b465ee728b)  -> (artifact id: '3a800a96a91fab623722ecceee580c62') in 0.008158 seconds 
  Import took 0.013119 seconds .

========================================================================
Received Import Request.
  Time since last request: 0.077274 seconds.
  path: Assets/Palettes/Tiles/Newest Tiles/Newest Tile Map.asset
  artifactKey: Guid(1f6d2a97f8a883d459b7c044ab6d4bf5) Importer(815301076,1909f56bfc062723c751e8b465ee728b)
Start importing Assets/Palettes/Tiles/Newest Tiles/Newest Tile Map.asset using Guid(1f6d2a97f8a883d459b7c044ab6d4bf5) Importer(815301076,1909f56bfc062723c751e8b465ee728b)  -> (artifact id: '9bfce0b491f681e7059d9e70bb7b8ec3') in 0.023307 seconds 
  Import took 0.027172 seconds .

========================================================================
Received Import Request.
  Time since last request: 0.000432 seconds.
  path: Assets/Palettes/Tiles/Newest Tiles/Tile Map Slice_13.asset
  artifactKey: Guid(e2bb4409f3c45294ebcb0d6260059ddf) Importer(815301076,1909f56bfc062723c751e8b465ee728b)
Start importing Assets/Palettes/Tiles/Newest Tiles/Tile Map Slice_13.asset using Guid(e2bb4409f3c45294ebcb0d6260059ddf) Importer(815301076,1909f56bfc062723c751e8b465ee728b)  -> (artifact id: '5dd21df86fe7480f87a897e7d7e86a07') in 0.011392 seconds 
  Import took 0.014635 seconds .

========================================================================
Received Import Request.
  Time since last request: 0.000175 seconds.
  path: Assets/Palettes/Tiles/Newest Tiles/Tile Map Slice_6.asset
  artifactKey: Guid(3d0f24f2ad731d14aa6f3ca0bc2fe66c) Importer(815301076,1909f56bfc062723c751e8b465ee728b)
Start importing Assets/Palettes/Tiles/Newest Tiles/Tile Map Slice_6.asset using Guid(3d0f24f2ad731d14aa6f3ca0bc2fe66c) Importer(815301076,1909f56bfc062723c751e8b465ee728b)  -> (artifact id: '4ddd894152b6d94123f2f2a123553996') in 0.015175 seconds 
  Import took 0.021990 seconds .

========================================================================
Received Import Request.
  Time since last request: 0.000164 seconds.
  path: Assets/Palettes/Tiles/Newest Tiles/Tile Map Slice_12.asset
  artifactKey: Guid(4b003a8e5e43d3040b3522800440e132) Importer(815301076,1909f56bfc062723c751e8b465ee728b)
Start importing Assets/Palettes/Tiles/Newest Tiles/Tile Map Slice_12.asset using Guid(4b003a8e5e43d3040b3522800440e132) Importer(815301076,1909f56bfc062723c751e8b465ee728b)  -> (artifact id: '34a93fb80f97f90b27e9f9c7cca7c284') in 0.012301 seconds 
  Import took 0.016033 seconds .

========================================================================
Received Import Request.
  Time since last request: 0.000198 seconds.
  path: Assets/Palettes/Tiles/Newest Tiles/Tile Map Slice_26.asset
  artifactKey: Guid(90b48781e189cab4f8134aef2a0743cd) Importer(815301076,1909f56bfc062723c751e8b465ee728b)
Start importing Assets/Palettes/Tiles/Newest Tiles/Tile Map Slice_26.asset using Guid(90b48781e189cab4f8134aef2a0743cd) Importer(815301076,1909f56bfc062723c751e8b465ee728b)  -> (artifact id: 'f3f3f36e4d3ddea35e6290550aaf1d4c') in 0.011229 seconds 
  Import took 0.015796 seconds .

========================================================================
Received Import Request.
  Time since last request: 0.000187 seconds.
  path: Assets/Palettes/Tiles/Newest Tiles/Tile Map Slice_30.asset
  artifactKey: Guid(174ca4df7f9880147af376e483035f16) Importer(815301076,1909f56bfc062723c751e8b465ee728b)
Start importing Assets/Palettes/Tiles/Newest Tiles/Tile Map Slice_30.asset using Guid(174ca4df7f9880147af376e483035f16) Importer(815301076,1909f56bfc062723c751e8b465ee728b)  -> (artifact id: 'f03767f7dda7e47dba452cc3cdd6bd23') in 0.011486 seconds 
  Import took 0.015374 seconds .

========================================================================
Received Import Request.
  Time since last request: 0.000168 seconds.
  path: Assets/Palettes/Tiles/Newest Tiles/Tile Map Slice_7.asset
  artifactKey: Guid(b1193fd179ecbb74cab9092081fd00c4) Importer(815301076,1909f56bfc062723c751e8b465ee728b)
Start importing Assets/Palettes/Tiles/Newest Tiles/Tile Map Slice_7.asset using Guid(b1193fd179ecbb74cab9092081fd00c4) Importer(815301076,1909f56bfc062723c751e8b465ee728b)  -> (artifact id: 'b74f34f43112c415772ac16592a4c4f8') in 0.013075 seconds 
  Import took 0.016088 seconds .

========================================================================
Received Import Request.
  Time since last request: 0.000161 seconds.
  path: Assets/Palettes/Tiles/Newest Tiles/Tile Map Slice_3.asset
  artifactKey: Guid(5f4bf5cfc43b06b4f9bb98bd9b907722) Importer(815301076,1909f56bfc062723c751e8b465ee728b)
Start importing Assets/Palettes/Tiles/Newest Tiles/Tile Map Slice_3.asset using Guid(5f4bf5cfc43b06b4f9bb98bd9b907722) Importer(815301076,1909f56bfc062723c751e8b465ee728b)  -> (artifact id: '98bb29f33fe7194cfdd9fc10fa646bca') in 0.011023 seconds 
  Import took 0.014571 seconds .

========================================================================
Received Import Request.
  Time since last request: 0.000288 seconds.
  path: Assets/Palettes/Tiles/Newest Tiles/Tile Map Slice_11.asset
  artifactKey: Guid(4352b4856cc555d4a93a94fc7df46729) Importer(815301076,1909f56bfc062723c751e8b465ee728b)
Start importing Assets/Palettes/Tiles/Newest Tiles/Tile Map Slice_11.asset using Guid(4352b4856cc555d4a93a94fc7df46729) Importer(815301076,1909f56bfc062723c751e8b465ee728b)  -> (artifact id: 'd409eb27e1f6003e079aef3baf42055e') in 0.014152 seconds 
  Import took 0.019771 seconds .

========================================================================
Received Import Request.
  Time since last request: 0.000202 seconds.
  path: Assets/Palettes/Tiles/Newest Tiles/Tile Map Slice_9.asset
  artifactKey: Guid(dd9df1903e28416449106283ddb5b704) Importer(815301076,1909f56bfc062723c751e8b465ee728b)
Start importing Assets/Palettes/Tiles/Newest Tiles/Tile Map Slice_9.asset using Guid(dd9df1903e28416449106283ddb5b704) Importer(815301076,1909f56bfc062723c751e8b465ee728b)  -> (artifact id: '147e558a253eb226e4b3241bfa6a45eb') in 0.010230 seconds 
  Import took 0.014859 seconds .

========================================================================
Received Import Request.
  Time since last request: 0.000228 seconds.
  path: Assets/Palettes/Tiles/Newest Tiles/Tile Map Slice_24.asset
  artifactKey: Guid(c1a7912d2169efd488d4a22698d9b79c) Importer(815301076,1909f56bfc062723c751e8b465ee728b)
Start importing Assets/Palettes/Tiles/Newest Tiles/Tile Map Slice_24.asset using Guid(c1a7912d2169efd488d4a22698d9b79c) Importer(815301076,1909f56bfc062723c751e8b465ee728b)  -> (artifact id: 'aa697596a1540e6cab517994b4091655') in 0.014576 seconds 
  Import took 0.018465 seconds .

========================================================================
Received Import Request.
  Time since last request: 0.000198 seconds.
  path: Assets/Palettes/Tiles/Newest Tiles/Tile Map Slice_28.asset
  artifactKey: Guid(021583b4e5554644dbfb1e7d32c340c5) Importer(815301076,1909f56bfc062723c751e8b465ee728b)
Start importing Assets/Palettes/Tiles/Newest Tiles/Tile Map Slice_28.asset using Guid(021583b4e5554644dbfb1e7d32c340c5) Importer(815301076,1909f56bfc062723c751e8b465ee728b)  -> (artifact id: '8cce15ed2316243c75cd2b87c2e2bc66') in 0.014040 seconds 
  Import took 0.017460 seconds .

========================================================================
Received Import Request.
  Time since last request: 0.000219 seconds.
  path: Assets/Palettes/Tiles/Newest Tiles/Tile Map Slice_16.asset
  artifactKey: Guid(becb3fff56bbf3c41b4c2d2533d932db) Importer(815301076,1909f56bfc062723c751e8b465ee728b)
Start importing Assets/Palettes/Tiles/Newest Tiles/Tile Map Slice_16.asset using Guid(becb3fff56bbf3c41b4c2d2533d932db) Importer(815301076,1909f56bfc062723c751e8b465ee728b)  -> (artifact id: '33aa9e2b73e0c8dbecbfd9aa679f1b4a') in 0.013167 seconds 
  Import took 0.016420 seconds .

========================================================================
Received Import Request.
  Time since last request: 0.000161 seconds.
  path: Assets/Palettes/Tiles/Newest Tiles/Tile Map Slice_25.asset
  artifactKey: Guid(05d9217b4e0b5f742a73b516f615e3fa) Importer(815301076,1909f56bfc062723c751e8b465ee728b)
Start importing Assets/Palettes/Tiles/Newest Tiles/Tile Map Slice_25.asset using Guid(05d9217b4e0b5f742a73b516f615e3fa) Importer(815301076,1909f56bfc062723c751e8b465ee728b)  -> (artifact id: '857f5f2fbd90e51072839304b91ad583') in 0.014009 seconds 
  Import took 0.017231 seconds .

========================================================================
Received Import Request.
  Time since last request: 0.000326 seconds.
  path: Assets/Palettes/Tiles/Newest Tiles/Tile Map Slice_17.asset
  artifactKey: Guid(07b8e49fdd453ff44b9400d3879a5bbc) Importer(815301076,1909f56bfc062723c751e8b465ee728b)
Start importing Assets/Palettes/Tiles/Newest Tiles/Tile Map Slice_17.asset using Guid(07b8e49fdd453ff44b9400d3879a5bbc) Importer(815301076,1909f56bfc062723c751e8b465ee728b)  -> (artifact id: '60e82ae711c4c00948791ddd9666be3d') in 0.010309 seconds 
  Import took 0.013765 seconds .

========================================================================
Received Import Request.
  Time since last request: 0.000250 seconds.
  path: Assets/Palettes/Tiles/Newest Tiles/Tile Map Slice_15.asset
  artifactKey: Guid(e071d7ad6d8b3914eb405eb56565e988) Importer(815301076,1909f56bfc062723c751e8b465ee728b)
Start importing Assets/Palettes/Tiles/Newest Tiles/Tile Map Slice_15.asset using Guid(e071d7ad6d8b3914eb405eb56565e988) Importer(815301076,1909f56bfc062723c751e8b465ee728b)  -> (artifact id: 'dd30f8f7b2493c23d9a8c5211fd46b6b') in 0.009898 seconds 
  Import took 0.014782 seconds .

========================================================================
Received Import Request.
  Time since last request: 0.000293 seconds.
  path: Assets/Palettes/Tiles/Newest Tiles/Tile Map Slice_2.asset
  artifactKey: Guid(a887762e3115d434c8bd9432a53b33d1) Importer(815301076,1909f56bfc062723c751e8b465ee728b)
Start importing Assets/Palettes/Tiles/Newest Tiles/Tile Map Slice_2.asset using Guid(a887762e3115d434c8bd9432a53b33d1) Importer(815301076,1909f56bfc062723c751e8b465ee728b)  -> (artifact id: '760da8362c90e05b1c2f49429163b506') in 0.011741 seconds 
  Import took 0.016540 seconds .

========================================================================
Received Import Request.
  Time since last request: 0.000231 seconds.
  path: Assets/Palettes/Tiles/Newest Tiles/Tile Map Slice_1.asset
  artifactKey: Guid(a997a87d05d1fda4bacccdd5822c7b6b) Importer(815301076,1909f56bfc062723c751e8b465ee728b)
Start importing Assets/Palettes/Tiles/Newest Tiles/Tile Map Slice_1.asset using Guid(a997a87d05d1fda4bacccdd5822c7b6b) Importer(815301076,1909f56bfc062723c751e8b465ee728b)  -> (artifact id: '6df3672c522053a2900f422f68a7541a') in 0.010386 seconds 
  Import took 0.014364 seconds .

========================================================================
Received Import Request.
  Time since last request: 0.000379 seconds.
  path: Assets/Palettes/Tiles/Newest Tiles/Tile Map Slice_22.asset
  artifactKey: Guid(36dbfa29bf5735c44be51fcae0ba57ab) Importer(815301076,1909f56bfc062723c751e8b465ee728b)
Start importing Assets/Palettes/Tiles/Newest Tiles/Tile Map Slice_22.asset using Guid(36dbfa29bf5735c44be51fcae0ba57ab) Importer(815301076,1909f56bfc062723c751e8b465ee728b)  -> (artifact id: 'a14164fb96ddc3c174fe0d373a18cc6b') in 0.015072 seconds 
  Import took 0.018970 seconds .

========================================================================
Received Import Request.
  Time since last request: 0.000205 seconds.
  path: Assets/Palettes/Tiles/Newest Tiles/Tile Map Slice_4.asset
  artifactKey: Guid(f31cfc26e553960489ea8b8a1f6ef155) Importer(815301076,1909f56bfc062723c751e8b465ee728b)
Start importing Assets/Palettes/Tiles/Newest Tiles/Tile Map Slice_4.asset using Guid(f31cfc26e553960489ea8b8a1f6ef155) Importer(815301076,1909f56bfc062723c751e8b465ee728b)  -> (artifact id: '4cd81707f09962f2557d94d810325dbd') in 0.015419 seconds 
  Import took 0.019431 seconds .

========================================================================
Received Import Request.
  Time since last request: 0.000202 seconds.
  path: Assets/Palettes/Tiles/Newest Tiles/Tile Map Slice_27.asset
  artifactKey: Guid(ff5c4c6964c780342873a8a8fe6269b6) Importer(815301076,1909f56bfc062723c751e8b465ee728b)
Start importing Assets/Palettes/Tiles/Newest Tiles/Tile Map Slice_27.asset using Guid(ff5c4c6964c780342873a8a8fe6269b6) Importer(815301076,1909f56bfc062723c751e8b465ee728b)  -> (artifact id: '069faca30702d3bef9b42773f619b8f4') in 0.012346 seconds 
  Import took 0.015808 seconds .

========================================================================
Received Import Request.
  Time since last request: 0.000281 seconds.
  path: Assets/Palettes/Tiles/Newest Tiles/Tile Map Slice_29.asset
  artifactKey: Guid(a3193f8cf74f8a345a6cfd334d6ce3db) Importer(815301076,1909f56bfc062723c751e8b465ee728b)
Start importing Assets/Palettes/Tiles/Newest Tiles/Tile Map Slice_29.asset using Guid(a3193f8cf74f8a345a6cfd334d6ce3db) Importer(815301076,1909f56bfc062723c751e8b465ee728b)  -> (artifact id: 'be998b50484ad635190591ce83fa6888') in 0.010841 seconds 
  Import took 0.014829 seconds .

========================================================================
Received Import Request.
  Time since last request: 0.000199 seconds.
  path: Assets/Palettes/Tiles/Newest Tiles/Tile Map Slice_10.asset
  artifactKey: Guid(b1490cca611243c4d832537b2b612a43) Importer(815301076,1909f56bfc062723c751e8b465ee728b)
Start importing Assets/Palettes/Tiles/Newest Tiles/Tile Map Slice_10.asset using Guid(b1490cca611243c4d832537b2b612a43) Importer(815301076,1909f56bfc062723c751e8b465ee728b)  -> (artifact id: 'dba01e1f706e0141a5ac6824f7074667') in 0.012140 seconds 
  Import took 0.015813 seconds .

========================================================================
Received Import Request.
  Time since last request: 0.000185 seconds.
  path: Assets/Palettes/Tiles/Newest Tiles/Tile Map Slice_20.asset
  artifactKey: Guid(77bd54f9f6671b64ca8f83a5438d982a) Importer(815301076,1909f56bfc062723c751e8b465ee728b)
Start importing Assets/Palettes/Tiles/Newest Tiles/Tile Map Slice_20.asset using Guid(77bd54f9f6671b64ca8f83a5438d982a) Importer(815301076,1909f56bfc062723c751e8b465ee728b)  -> (artifact id: 'ccdfbcec04a4113d5f85c39816dc98fc') in 0.010087 seconds 
  Import took 0.015174 seconds .

========================================================================
Received Import Request.
  Time since last request: 0.000237 seconds.
  path: Assets/Palettes/Tiles/Newest Tiles/Tile Map Slice_21.asset
  artifactKey: Guid(b44acb8682ede6c44ad3bb9de7a88814) Importer(815301076,1909f56bfc062723c751e8b465ee728b)
Start importing Assets/Palettes/Tiles/Newest Tiles/Tile Map Slice_21.asset using Guid(b44acb8682ede6c44ad3bb9de7a88814) Importer(815301076,1909f56bfc062723c751e8b465ee728b)  -> (artifact id: 'e7bd307218049ce39f0029e38b37762a') in 0.009464 seconds 
  Import took 0.013114 seconds .

========================================================================
Received Import Request.
  Time since last request: 0.000308 seconds.
  path: Assets/Palettes/Tiles/Newest Tiles/Tile Map Slice_5.asset
  artifactKey: Guid(6eaa9646551efd545bc233933172803e) Importer(815301076,1909f56bfc062723c751e8b465ee728b)
Start importing Assets/Palettes/Tiles/Newest Tiles/Tile Map Slice_5.asset using Guid(6eaa9646551efd545bc233933172803e) Importer(815301076,1909f56bfc062723c751e8b465ee728b)  -> (artifact id: '268ce43640d51e1e5e91b2ca7c513785') in 0.010493 seconds 
  Import took 0.014097 seconds .

========================================================================
Received Import Request.
  Time since last request: 0.000141 seconds.
  path: Assets/Palettes/Tiles/Newest Tiles/Tile Map Slice_8.asset
  artifactKey: Guid(359ae6501cd626740837124860151591) Importer(815301076,1909f56bfc062723c751e8b465ee728b)
Start importing Assets/Palettes/Tiles/Newest Tiles/Tile Map Slice_8.asset using Guid(359ae6501cd626740837124860151591) Importer(815301076,1909f56bfc062723c751e8b465ee728b)  -> (artifact id: 'df23dfc19c39db73a5362bf0d53f91ed') in 0.010846 seconds 
  Import took 0.014372 seconds .

========================================================================
Received Import Request.
  Time since last request: 0.000173 seconds.
  path: Assets/Palettes/Tiles/Newest Tiles/Tile Map Slice_18.asset
  artifactKey: Guid(93a15f7c3ea90454c90619af6edf3057) Importer(815301076,1909f56bfc062723c751e8b465ee728b)
Start importing Assets/Palettes/Tiles/Newest Tiles/Tile Map Slice_18.asset using Guid(93a15f7c3ea90454c90619af6edf3057) Importer(815301076,1909f56bfc062723c751e8b465ee728b)  -> (artifact id: 'c2310537a722ced7cfaeb054520c6157') in 0.011374 seconds 
  Import took 0.014105 seconds .

========================================================================
Received Import Request.
  Time since last request: 0.000153 seconds.
  path: Assets/Palettes/Tiles/Newest Tiles/Tile Map Slice_14.asset
  artifactKey: Guid(7166d38bc0522a14985b8984d65b3bc4) Importer(815301076,1909f56bfc062723c751e8b465ee728b)
Start importing Assets/Palettes/Tiles/Newest Tiles/Tile Map Slice_14.asset using Guid(7166d38bc0522a14985b8984d65b3bc4) Importer(815301076,1909f56bfc062723c751e8b465ee728b)  -> (artifact id: 'aa0fa7386dc76f20c1efb56d3397570e') in 0.012939 seconds 
  Import took 0.016053 seconds .

========================================================================
Received Import Request.
  Time since last request: 0.000177 seconds.
  path: Assets/Palettes/Tiles/Newest Tiles/Tile Map Slice_23.asset
  artifactKey: Guid(fcf292ef41e6f744bb4ac0cd36446aa1) Importer(815301076,1909f56bfc062723c751e8b465ee728b)
Start importing Assets/Palettes/Tiles/Newest Tiles/Tile Map Slice_23.asset using Guid(fcf292ef41e6f744bb4ac0cd36446aa1) Importer(815301076,1909f56bfc062723c751e8b465ee728b)  -> (artifact id: 'c0b9c66c388e149071d282e9826d4091') in 0.011853 seconds 
  Import took 0.015110 seconds .

========================================================================
Received Import Request.
  Time since last request: 0.000151 seconds.
  path: Assets/Palettes/Tiles/Newest Tiles/Tile Map Slice_19.asset
  artifactKey: Guid(4fd8d0a7b31af564c9e9143fe7b70f5e) Importer(815301076,1909f56bfc062723c751e8b465ee728b)
Start importing Assets/Palettes/Tiles/Newest Tiles/Tile Map Slice_19.asset using Guid(4fd8d0a7b31af564c9e9143fe7b70f5e) Importer(815301076,1909f56bfc062723c751e8b465ee728b)  -> (artifact id: 'fabd54dbabb717973ba94390f1363230') in 0.011442 seconds 
  Import took 0.014316 seconds .

AssetImportWorkerClient::OnTransportError - code=2 error=End of file
